<?xml version="1.0" encoding="UTF-8"?>
<testng-results skipped="1" failed="1" total="3" passed="1">
  <reporter-output>
  </reporter-output>
  <suite name="Suite" duration-ms="56249" started-at="2018-03-02T17:33:07Z" finished-at="2018-03-02T17:34:04Z">
    <groups>
    </groups>
    <test name="Test" duration-ms="56249" started-at="2018-03-02T17:33:07Z" finished-at="2018-03-02T17:34:04Z">
      <class name="com.actitime.CreateNewUserTest.CreateNewUserTest">
        <test-method status="SKIP" signature="configBC()[pri:0, instance:com.actitime.CreateNewUserTest.CreateNewUserTest@47c62251]" name="configBC" is-config="true" duration-ms="0" started-at="2018-03-02T23:04:04Z" finished-at="2018-03-02T23:04:04Z">
          <reporter-output>
          </reporter-output>
        </test-method> <!-- configBC -->
        <test-method status="SKIP" signature="configBM()[pri:0, instance:com.actitime.CreateNewUserTest.CreateNewUserTest@47c62251]" name="configBM" is-config="true" duration-ms="0" started-at="2018-03-02T23:04:04Z" finished-at="2018-03-02T23:04:04Z">
          <reporter-output>
          </reporter-output>
        </test-method> <!-- configBM -->
        <test-method status="SKIP" signature="createNewUserTest()[pri:0, instance:com.actitime.CreateNewUserTest.CreateNewUserTest@47c62251]" name="createNewUserTest" duration-ms="3" started-at="2018-03-02T23:04:04Z" finished-at="2018-03-02T23:04:04Z">
          <reporter-output>
          </reporter-output>
        </test-method> <!-- createNewUserTest -->
        <test-method status="SKIP" signature="configAM()[pri:0, instance:com.actitime.CreateNewUserTest.CreateNewUserTest@47c62251]" name="configAM" is-config="true" duration-ms="0" started-at="2018-03-02T23:04:04Z" finished-at="2018-03-02T23:04:04Z">
          <reporter-output>
          </reporter-output>
        </test-method> <!-- configAM -->
        <test-method status="SKIP" signature="conficAC()[pri:0, instance:com.actitime.CreateNewUserTest.CreateNewUserTest@47c62251]" name="conficAC" is-config="true" duration-ms="0" started-at="2018-03-02T23:04:04Z" finished-at="2018-03-02T23:04:04Z">
          <reporter-output>
          </reporter-output>
        </test-method> <!-- conficAC -->
      </class> <!-- com.actitime.CreateNewUserTest.CreateNewUserTest -->
      <class name="com.actitime.CreateNewCustomerTest.CreateNewCustomerTest">
        <test-method status="PASS" signature="configBC()[pri:0, instance:com.actitime.CreateNewCustomerTest.CreateNewCustomerTest@6f7fd0e6]" name="configBC" is-config="true" duration-ms="11843" started-at="2018-03-02T23:03:07Z" finished-at="2018-03-02T23:03:19Z">
          <reporter-output>
          </reporter-output>
        </test-method> <!-- configBC -->
        <test-method status="PASS" signature="configBM()[pri:0, instance:com.actitime.CreateNewCustomerTest.CreateNewCustomerTest@6f7fd0e6]" name="configBM" is-config="true" duration-ms="17977" started-at="2018-03-02T23:03:19Z" finished-at="2018-03-02T23:03:37Z">
          <reporter-output>
          </reporter-output>
        </test-method> <!-- configBM -->
        <test-method status="PASS" signature="createCustomerTest()[pri:0, instance:com.actitime.CreateNewCustomerTest.CreateNewCustomerTest@6f7fd0e6]" name="createCustomerTest" duration-ms="16271" started-at="2018-03-02T23:03:37Z" finished-at="2018-03-02T23:03:53Z">
          <reporter-output>
          </reporter-output>
        </test-method> <!-- createCustomerTest -->
        <test-method status="PASS" signature="configAM()[pri:0, instance:com.actitime.CreateNewCustomerTest.CreateNewCustomerTest@6f7fd0e6]" name="configAM" is-config="true" duration-ms="1052" started-at="2018-03-02T23:03:53Z" finished-at="2018-03-02T23:03:55Z">
          <reporter-output>
          </reporter-output>
        </test-method> <!-- configAM -->
        <test-method status="PASS" signature="configBM()[pri:0, instance:com.actitime.CreateNewCustomerTest.CreateNewCustomerTest@6f7fd0e6]" name="configBM" is-config="true" duration-ms="5367" started-at="2018-03-02T23:03:55Z" finished-at="2018-03-02T23:04:00Z">
          <reporter-output>
          </reporter-output>
        </test-method> <!-- configBM -->
        <test-method status="FAIL" signature="createCustomerWithDespTest()[pri:0, instance:com.actitime.CreateNewCustomerTest.CreateNewCustomerTest@6f7fd0e6]" name="createCustomerWithDespTest" duration-ms="235" started-at="2018-03-02T23:04:00Z" finished-at="2018-03-02T23:04:00Z">
          <exception class="java.lang.NullPointerException">
            <full-stacktrace>
              <![CDATA[java.lang.NullPointerException
	at com.actitime.genericlib.CommonUtils.getExcelData(CommonUtils.java:33)
	at com.actitime.CreateNewCustomerTest.CreateNewCustomerTest.createCustomerWithDespTest(CreateNewCustomerTest.java:23)
	at sun.reflect.NativeMethodAccessorImpl.invoke0(Native Method)
	at sun.reflect.NativeMethodAccessorImpl.invoke(Unknown Source)
	at sun.reflect.DelegatingMethodAccessorImpl.invoke(Unknown Source)
	at java.lang.reflect.Method.invoke(Unknown Source)
	at org.testng.internal.MethodInvocationHelper.invokeMethod(MethodInvocationHelper.java:85)
	at org.testng.internal.Invoker.invokeMethod(Invoker.java:639)
	at org.testng.internal.Invoker.invokeTestMethod(Invoker.java:816)
	at org.testng.internal.Invoker.invokeTestMethods(Invoker.java:1124)
	at org.testng.internal.TestMethodWorker.invokeTestMethods(TestMethodWorker.java:125)
	at org.testng.internal.TestMethodWorker.run(TestMethodWorker.java:108)
	at org.testng.TestRunner.privateRun(TestRunner.java:774)
	at org.testng.TestRunner.run(TestRunner.java:624)
	at org.testng.SuiteRunner.runTest(SuiteRunner.java:359)
	at org.testng.SuiteRunner.runSequentially(SuiteRunner.java:354)
	at org.testng.SuiteRunner.privateRun(SuiteRunner.java:312)
	at org.testng.SuiteRunner.run(SuiteRunner.java:261)
	at org.testng.SuiteRunnerWorker.runSuite(SuiteRunnerWorker.java:52)
	at org.testng.SuiteRunnerWorker.run(SuiteRunnerWorker.java:86)
	at org.testng.TestNG.runSuitesSequentially(TestNG.java:1215)
	at org.testng.TestNG.runSuitesLocally(TestNG.java:1140)
	at org.testng.TestNG.run(TestNG.java:1048)
	at org.testng.remote.AbstractRemoteTestNG.run(AbstractRemoteTestNG.java:114)
	at org.testng.remote.RemoteTestNG.initAndRun(RemoteTestNG.java:251)
	at org.testng.remote.RemoteTestNG.main(RemoteTestNG.java:77)
]]>
            </full-stacktrace>
          </exception> <!-- java.lang.NullPointerException -->
          <reporter-output>
          </reporter-output>
        </test-method> <!-- createCustomerWithDespTest -->
        <test-method status="FAIL" signature="configAM()[pri:0, instance:com.actitime.CreateNewCustomerTest.CreateNewCustomerTest@6f7fd0e6]" name="configAM" is-config="true" duration-ms="0" started-at="2018-03-02T23:04:03Z" finished-at="2018-03-02T23:04:03Z">
          <exception class="org.openqa.selenium.WebDriverException">
            <message>
              <![CDATA[Element is not clickable at point (1309, 17). Other element would receive the click: <div style="transition: opacity 600ms ease-in-out 0s; opacity: 0;" id="preInsertedTransformedMoireId" class="transformedMoireClass"></div>
Command duration or timeout: 158 milliseconds
Build info: version: '2.53.1', revision: 'a36b8b1', time: '2016-06-30 17:32:46'
System info: host: 'SAMSUL-PC', ip: '192.168.48.1', os.name: 'Windows 10', os.arch: 'amd64', os.version: '10.0', java.version: '1.8.0_65'
Driver info: org.openqa.selenium.firefox.FirefoxDriver
Capabilities [{applicationCacheEnabled=true, rotatable=false, handlesAlerts=true, databaseEnabled=true, version=45.0, platform=WINDOWS, nativeEvents=false, acceptSslCerts=true, webStorageEnabled=true, locationContextEnabled=true, browserName=firefox, takesScreenshot=true, javascriptEnabled=true, cssSelectorsEnabled=true}]
Session ID: 3c2e2e00-5e0f-4b08-94e9-e0cb8501963c]]>
            </message>
            <full-stacktrace>
              <![CDATA[org.openqa.selenium.WebDriverException: Element is not clickable at point (1309, 17). Other element would receive the click: <div style="transition: opacity 600ms ease-in-out 0s; opacity: 0;" id="preInsertedTransformedMoireId" class="transformedMoireClass"></div>
Command duration or timeout: 158 milliseconds
Build info: version: '2.53.1', revision: 'a36b8b1', time: '2016-06-30 17:32:46'
System info: host: 'SAMSUL-PC', ip: '192.168.48.1', os.name: 'Windows 10', os.arch: 'amd64', os.version: '10.0', java.version: '1.8.0_65'
Driver info: org.openqa.selenium.firefox.FirefoxDriver
Capabilities [{applicationCacheEnabled=true, rotatable=false, handlesAlerts=true, databaseEnabled=true, version=45.0, platform=WINDOWS, nativeEvents=false, acceptSslCerts=true, webStorageEnabled=true, locationContextEnabled=true, browserName=firefox, takesScreenshot=true, javascriptEnabled=true, cssSelectorsEnabled=true}]
Session ID: 3c2e2e00-5e0f-4b08-94e9-e0cb8501963c
	at sun.reflect.NativeConstructorAccessorImpl.newInstance0(Native Method)
	at sun.reflect.NativeConstructorAccessorImpl.newInstance(Unknown Source)
	at sun.reflect.DelegatingConstructorAccessorImpl.newInstance(Unknown Source)
	at java.lang.reflect.Constructor.newInstance(Unknown Source)
	at org.openqa.selenium.remote.ErrorHandler.createThrowable(ErrorHandler.java:206)
	at org.openqa.selenium.remote.ErrorHandler.throwIfResponseFailed(ErrorHandler.java:158)
	at org.openqa.selenium.remote.RemoteWebDriver.execute(RemoteWebDriver.java:678)
	at org.openqa.selenium.remote.RemoteWebElement.execute(RemoteWebElement.java:327)
	at org.openqa.selenium.remote.RemoteWebElement.click(RemoteWebElement.java:85)
	at sun.reflect.NativeMethodAccessorImpl.invoke0(Native Method)
	at sun.reflect.NativeMethodAccessorImpl.invoke(Unknown Source)
	at sun.reflect.DelegatingMethodAccessorImpl.invoke(Unknown Source)
	at java.lang.reflect.Method.invoke(Unknown Source)
	at org.openqa.selenium.support.pagefactory.internal.LocatingElementHandler.invoke(LocatingElementHandler.java:51)
	at com.sun.proxy.$Proxy10.click(Unknown Source)
	at com.objectRepositarylib.Common.logout(Common.java:11)
	at com.actitime.genericlib.BaseClass.configAM(BaseClass.java:56)
	at sun.reflect.NativeMethodAccessorImpl.invoke0(Native Method)
	at sun.reflect.NativeMethodAccessorImpl.invoke(Unknown Source)
	at sun.reflect.DelegatingMethodAccessorImpl.invoke(Unknown Source)
	at java.lang.reflect.Method.invoke(Unknown Source)
	at org.testng.internal.MethodInvocationHelper.invokeMethod(MethodInvocationHelper.java:85)
	at org.testng.internal.Invoker.invokeConfigurationMethod(Invoker.java:510)
	at org.testng.internal.Invoker.invokeConfigurations(Invoker.java:211)
	at org.testng.internal.Invoker.invokeMethod(Invoker.java:703)
	at org.testng.internal.Invoker.invokeTestMethod(Invoker.java:816)
	at org.testng.internal.Invoker.invokeTestMethods(Invoker.java:1124)
	at org.testng.internal.TestMethodWorker.invokeTestMethods(TestMethodWorker.java:125)
	at org.testng.internal.TestMethodWorker.run(TestMethodWorker.java:108)
	at org.testng.TestRunner.privateRun(TestRunner.java:774)
	at org.testng.TestRunner.run(TestRunner.java:624)
	at org.testng.SuiteRunner.runTest(SuiteRunner.java:359)
	at org.testng.SuiteRunner.runSequentially(SuiteRunner.java:354)
	at org.testng.SuiteRunner.privateRun(SuiteRunner.java:312)
	at org.testng.SuiteRunner.run(SuiteRunner.java:261)
	at org.testng.SuiteRunnerWorker.runSuite(SuiteRunnerWorker.java:52)
	at org.testng.SuiteRunnerWorker.run(SuiteRunnerWorker.java:86)
	at org.testng.TestNG.runSuitesSequentially(TestNG.java:1215)
	at org.testng.TestNG.runSuitesLocally(TestNG.java:1140)
	at org.testng.TestNG.run(TestNG.java:1048)
	at org.testng.remote.AbstractRemoteTestNG.run(AbstractRemoteTestNG.java:114)
	at org.testng.remote.RemoteTestNG.initAndRun(RemoteTestNG.java:251)
	at org.testng.remote.RemoteTestNG.main(RemoteTestNG.java:77)
]]>
            </full-stacktrace>
          </exception> <!-- org.openqa.selenium.WebDriverException -->
          <reporter-output>
          </reporter-output>
        </test-method> <!-- configAM -->
        <test-method status="SKIP" signature="conficAC()[pri:0, instance:com.actitime.CreateNewCustomerTest.CreateNewCustomerTest@6f7fd0e6]" name="conficAC" is-config="true" duration-ms="0" started-at="2018-03-02T23:04:04Z" finished-at="2018-03-02T23:04:04Z">
          <reporter-output>
          </reporter-output>
        </test-method> <!-- conficAC -->
      </class> <!-- com.actitime.CreateNewCustomerTest.CreateNewCustomerTest -->
    </test> <!-- Test -->
  </suite> <!-- Suite -->
</testng-results>
